[INFO] Scanning for projects...
[INFO] 
[INFO] -----------------------< com.example:TiendaMas >------------------------
[INFO] Building TiendaMas 0.0.1-SNAPSHOT
[INFO]   from pom.xml
[INFO] --------------------------------[ jar ]---------------------------------
[INFO] 
[INFO] --- clean:3.4.1:clean (default-clean) @ TiendaMas ---
[INFO] Deleting C:\Users\Jeremi Alexander\Desktop\TiendaMass-AYDSI\backend\target
[INFO] 
[INFO] --- resources:3.3.1:resources (default-resources) @ TiendaMas ---
[INFO] Copying 1 resource from src\main\resources to target\classes
[INFO] Copying 1 resource from src\main\resources to target\classes
[INFO] 
[INFO] --- compiler:3.14.1:compile (default-compile) @ TiendaMas ---
[INFO] Recompiling the module because of changed source code.
[INFO] Compiling 70 source files with javac [debug parameters release 17] to target\classes
[INFO] -------------------------------------------------------------
[ERROR] COMPILATION ERROR : 
[INFO] -------------------------------------------------------------
[ERROR] /C:/Users/Jeremi Alexander/Desktop/TiendaMass-AYDSI/backend/src/main/java/com/example/TiendaMas/DataInitializer.java:[108,16] cannot find symbol
  symbol:   method setEstado(java.lang.String)
  location: variable cat of type com.example.TiendaMas.entity.Categoria
[ERROR] /C:/Users/Jeremi Alexander/Desktop/TiendaMass-AYDSI/backend/src/main/java/com/example/TiendaMas/DataInitializer.java:[120,17] cannot find symbol
  symbol:   method setEstado(java.lang.String)
  location: variable prov of type com.example.TiendaMas.entity.Proveedor
[INFO] 2 errors 
[INFO] -------------------------------------------------------------
[INFO] ------------------------------------------------------------------------
[INFO] BUILD FAILURE
[INFO] ------------------------------------------------------------------------
[INFO] Total time:  14.230 s
[INFO] Finished at: 2025-12-06T18:46:43-05:00
[INFO] ------------------------------------------------------------------------
[ERROR] Failed to execute goal org.apache.maven.plugins:maven-compiler-plugin:3.14.1:compile (default-compile) on project TiendaMas: Compilation failure: Compilation failure: 
[ERROR] /C:/Users/Jeremi Alexander/Desktop/TiendaMass-AYDSI/backend/src/main/java/com/example/TiendaMas/DataInitializer.java:[108,16] cannot find symbol
[ERROR]   symbol:   method setEstado(java.lang.String)
[ERROR]   location: variable cat of type com.example.TiendaMas.entity.Categoria
[ERROR] /C:/Users/Jeremi Alexander/Desktop/TiendaMass-AYDSI/backend/src/main/java/com/example/TiendaMas/DataInitializer.java:[120,17] cannot find symbol
[ERROR]   symbol:   method setEstado(java.lang.String)
[ERROR]   location: variable prov of type com.example.TiendaMas.entity.Proveedor
[ERROR] -> [Help 1]
[ERROR] 
[ERROR] To see the full stack trace of the errors, re-run Maven with the -e switch.
[ERROR] Re-run Maven using the -X switch to enable full debug logging.
[ERROR] 
[ERROR] For more information about the errors and possible solutions, please read the following articles:
[ERROR] [Help 1] http://cwiki.apache.org/confluence/display/MAVEN/MojoFailureException
